<?xml version="1.0" encoding="UTF-8"?>
<testng-results ignored="0" total="3" passed="3" failed="0" skipped="0">
  <reporter-output>
  </reporter-output>
  <suite started-at="2024-06-23T14:22:37 EET" name="Default suite" finished-at="2024-06-23T14:22:42 EET" duration-ms="4584">
    <groups>
    </groups>
    <test started-at="2024-06-23T14:22:37 EET" name="Default test" finished-at="2024-06-23T14:22:42 EET" duration-ms="4584">
      <class name="TestCases">
        <test-method is-config="true" signature="Setup()[pri:0, instance:TestCases@42463763]" started-at="2024-06-23T14:22:37 EET" name="Setup" finished-at="2024-06-23T14:22:38 EET" duration-ms="871" status="PASS">
          <reporter-output>
          </reporter-output>
        </test-method> <!-- Setup -->
        <test-method signature="Login()[pri:1, instance:TestCases@42463763]" started-at="2024-06-23T14:22:38 EET" name="Login" finished-at="2024-06-23T14:22:38 EET" duration-ms="443" status="PASS">
          <reporter-output>
          </reporter-output>
        </test-method> <!-- Login -->
        <test-method signature="WordProductIsThere()[pri:2, instance:TestCases@42463763]" started-at="2024-06-23T14:22:38 EET" name="WordProductIsThere" finished-at="2024-06-23T14:22:40 EET" duration-ms="2059" status="PASS">
          <reporter-output>
          </reporter-output>
        </test-method> <!-- WordProductIsThere -->
        <test-method signature="SortingItems()[pri:3, instance:TestCases@42463763]" started-at="2024-06-23T14:22:40 EET" name="SortingItems" finished-at="2024-06-23T14:22:42 EET" duration-ms="1166" status="PASS">
          <reporter-output>
          </reporter-output>
        </test-method> <!-- SortingItems -->
      </class> <!-- TestCases -->
    </test> <!-- Default test -->
  </suite> <!-- Default suite -->
</testng-results>
